WARNING: A terminally deprecated method in sun.misc.Unsafe has been called
WARNING: sun.misc.Unsafe::staticFieldBase has been called by com.google.inject.internal.aop.HiddenClassDefiner (file:/Users/arsh/.m2/wrapper/dists/apache-maven-3.9.11/a2d47e15/lib/guice-5.1.0-classes.jar)
WARNING: Please consider reporting this to the maintainers of class com.google.inject.internal.aop.HiddenClassDefiner
WARNING: sun.misc.Unsafe::staticFieldBase will be removed in a future release
[INFO] Scanning for projects...
[INFO] 
[INFO] ----------------------< com.service:Application >-----------------------
[INFO] Building Application 0.0.1-SNAPSHOT
[INFO]   from pom.xml
[INFO] --------------------------------[ jar ]---------------------------------
[INFO] 
[INFO] >>> spring-boot:3.5.5:run (default-cli) > test-compile @ Application >>>
[INFO] 
[INFO] --- resources:3.3.1:resources (default-resources) @ Application ---
[INFO] Copying 1 resource from src/main/resources to target/classes
[INFO] Copying 8 resources from src/main/resources to target/classes
[INFO] 
[INFO] --- compiler:3.14.0:compile (default-compile) @ Application ---
[INFO] Nothing to compile - all classes are up to date.
[INFO] 
[INFO] --- resources:3.3.1:testResources (default-testResources) @ Application ---
[INFO] skip non existing resourceDirectory /Users/arsh/Developer/Chitkara/Job-Application-Service/Application/src/test/resources
[INFO] 
[INFO] --- compiler:3.14.0:testCompile (default-testCompile) @ Application ---
[INFO] Nothing to compile - all classes are up to date.
[INFO] 
[INFO] <<< spring-boot:3.5.5:run (default-cli) < test-compile @ Application <<<
[INFO] 
[INFO] 
[INFO] --- spring-boot:3.5.5:run (default-cli) @ Application ---
[INFO] Attaching agents: []

  .   ____          _            __ _ _
 /\\ / ___'_ __ _ _(_)_ __  __ _ \ \ \ \
( ( )\___ | '_ | '_| | '_ \/ _` | \ \ \ \
 \\/  ___)| |_)| | | | | || (_| |  ) ) ) )
  '  |____| .__|_| |_|_| |_\__, | / / / /
 =========|_|==============|___/=/_/_/_/

 :: Spring Boot ::                (v3.5.5)

2025-09-05T22:38:32.195+05:30  INFO 89072 --- [application-service] [  restartedMain] com.service.application.Application      : Starting Application using Java 24.0.2 with PID 89072 (/Users/arsh/Developer/Chitkara/Job-Application-Service/Application/target/classes started by arsh in /Users/arsh/Developer/Chitkara/Job-Application-Service/Application)
2025-09-05T22:38:32.195+05:30 DEBUG 89072 --- [application-service] [  restartedMain] com.service.application.Application      : Running with Spring Boot v3.5.5, Spring v6.2.10
2025-09-05T22:38:32.195+05:30  INFO 89072 --- [application-service] [  restartedMain] com.service.application.Application      : No active profile set, falling back to 1 default profile: "default"
2025-09-05T22:38:32.209+05:30  INFO 89072 --- [application-service] [  restartedMain] .e.DevToolsPropertyDefaultsPostProcessor : Devtools property defaults active! Set 'spring.devtools.add-properties' to 'false' to disable
2025-09-05T22:38:32.209+05:30  INFO 89072 --- [application-service] [  restartedMain] .e.DevToolsPropertyDefaultsPostProcessor : For additional web related logging consider setting the 'logging.level.web' property to 'DEBUG'
2025-09-05T22:38:32.419+05:30  INFO 89072 --- [application-service] [  restartedMain] .s.d.r.c.RepositoryConfigurationDelegate : Bootstrapping Spring Data JPA repositories in DEFAULT mode.
2025-09-05T22:38:32.435+05:30  INFO 89072 --- [application-service] [  restartedMain] .s.d.r.c.RepositoryConfigurationDelegate : Finished Spring Data repository scanning in 12 ms. Found 2 JPA repository interfaces.
2025-09-05T22:38:32.498+05:30  INFO 89072 --- [application-service] [  restartedMain] o.s.cloud.context.scope.GenericScope     : BeanFactory id=c32ce995-74b1-39a8-bfab-643415762a04
2025-09-05T22:38:32.649+05:30  INFO 89072 --- [application-service] [  restartedMain] o.s.b.w.embedded.tomcat.TomcatWebServer  : Tomcat initialized with port 8082 (http)
2025-09-05T22:38:32.654+05:30  INFO 89072 --- [application-service] [  restartedMain] o.apache.catalina.core.StandardService   : Starting service [Tomcat]
2025-09-05T22:38:32.654+05:30  INFO 89072 --- [application-service] [  restartedMain] o.apache.catalina.core.StandardEngine    : Starting Servlet engine: [Apache Tomcat/10.1.44]
2025-09-05T22:38:32.667+05:30  INFO 89072 --- [application-service] [  restartedMain] o.a.c.c.C.[Tomcat].[localhost].[/]       : Initializing Spring embedded WebApplicationContext
2025-09-05T22:38:32.667+05:30  INFO 89072 --- [application-service] [  restartedMain] w.s.c.ServletWebServerApplicationContext : Root WebApplicationContext: initialization completed in 458 ms
2025-09-05T22:38:32.717+05:30 DEBUG 89072 --- [application-service] [  restartedMain] c.s.a.config.JwtAuthenticationFilter     : Filter 'jwtAuthenticationFilter' configured for use
2025-09-05T22:38:32.717+05:30 DEBUG 89072 --- [application-service] [  restartedMain] c.s.a.config.AuthenticationFilter        : Filter 'authenticationFilter' configured for use
2025-09-05T22:38:32.755+05:30  INFO 89072 --- [application-service] [  restartedMain] o.hibernate.jpa.internal.util.LogHelper  : HHH000204: Processing PersistenceUnitInfo [name: default]
2025-09-05T22:38:32.769+05:30  INFO 89072 --- [application-service] [  restartedMain] org.hibernate.Version                    : HHH000412: Hibernate ORM core version 6.6.26.Final
2025-09-05T22:38:32.777+05:30  INFO 89072 --- [application-service] [  restartedMain] o.h.c.internal.RegionFactoryInitiator    : HHH000026: Second-level cache disabled
2025-09-05T22:38:32.845+05:30  INFO 89072 --- [application-service] [  restartedMain] o.s.o.j.p.SpringPersistenceUnitInfo      : No LoadTimeWeaver setup: ignoring JPA class transformer
2025-09-05T22:38:32.852+05:30  INFO 89072 --- [application-service] [  restartedMain] com.zaxxer.hikari.HikariDataSource       : HikariPool-1 - Starting...
2025-09-05T22:38:32.904+05:30  INFO 89072 --- [application-service] [  restartedMain] com.zaxxer.hikari.pool.HikariPool        : HikariPool-1 - Added connection com.mysql.cj.jdbc.ConnectionImpl@167213db
2025-09-05T22:38:32.905+05:30  INFO 89072 --- [application-service] [  restartedMain] com.zaxxer.hikari.HikariDataSource       : HikariPool-1 - Start completed.
2025-09-05T22:38:32.922+05:30  WARN 89072 --- [application-service] [  restartedMain] org.hibernate.orm.deprecation            : HHH90000025: MySQLDialect does not need to be specified explicitly using 'hibernate.dialect' (remove the property setting and it will be selected by default)
2025-09-05T22:38:32.926+05:30  INFO 89072 --- [application-service] [  restartedMain] org.hibernate.orm.connections.pooling    : HHH10001005: Database info:
	Database JDBC URL [Connecting through datasource 'HikariDataSource (HikariPool-1)']
	Database driver: undefined/unknown
	Database version: 8.0.43
	Autocommit mode: undefined/unknown
	Isolation level: undefined/unknown
	Minimum pool size: undefined/unknown
	Maximum pool size: undefined/unknown
2025-09-05T22:38:33.179+05:30  INFO 89072 --- [application-service] [  restartedMain] o.h.e.t.j.p.i.JtaPlatformInitiator       : HHH000489: No JTA platform available (set 'hibernate.transaction.jta.platform' to enable JTA platform integration)
2025-09-05T22:38:33.218+05:30  INFO 89072 --- [application-service] [  restartedMain] j.LocalContainerEntityManagerFactoryBean : Initialized JPA EntityManagerFactory for persistence unit 'default'
2025-09-05T22:38:33.331+05:30  WARN 89072 --- [application-service] [  restartedMain] JpaBaseConfiguration$JpaWebConfiguration : spring.jpa.open-in-view is enabled by default. Therefore, database queries may be performed during view rendering. Explicitly configure spring.jpa.open-in-view to disable this warning
2025-09-05T22:38:33.338+05:30  INFO 89072 --- [application-service] [  restartedMain] o.s.b.d.a.OptionalLiveReloadServer       : LiveReload server is running on port 35729
2025-09-05T22:38:33.364+05:30  INFO 89072 --- [application-service] [  restartedMain] o.s.b.a.w.s.WelcomePageHandlerMapping    : Adding welcome page template: index
2025-09-05T22:38:33.415+05:30 DEBUG 89072 --- [application-service] [  restartedMain] swordEncoderAuthenticationManagerBuilder : No authenticationProviders and no parentAuthenticationManager defined. Returning null.
2025-09-05T22:38:33.439+05:30 DEBUG 89072 --- [application-service] [  restartedMain] o.s.s.web.DefaultSecurityFilterChain     : Will secure any request with filters: DisableEncodeUrlFilter, WebAsyncManagerIntegrationFilter, SecurityContextHolderFilter, HeaderWriterFilter, CorsFilter, LogoutFilter, AuthenticationFilter, RequestCacheAwareFilter, SecurityContextHolderAwareRequestFilter, AnonymousAuthenticationFilter, SessionManagementFilter, ExceptionTranslationFilter, AuthorizationFilter
2025-09-05T22:38:33.517+05:30  INFO 89072 --- [application-service] [  restartedMain] o.s.b.w.embedded.tomcat.TomcatWebServer  : Tomcat started on port 8082 (http) with context path '/'
2025-09-05T22:38:33.522+05:30  INFO 89072 --- [application-service] [  restartedMain] com.service.application.Application      : Started Application in 1.441 seconds (process running for 1.629)
2025-09-05T22:38:42.714+05:30  INFO 89072 --- [application-service] [nio-8082-exec-1] o.a.c.c.C.[Tomcat].[localhost].[/]       : Initializing Spring DispatcherServlet 'dispatcherServlet'
2025-09-05T22:38:42.714+05:30  INFO 89072 --- [application-service] [nio-8082-exec-1] o.s.web.servlet.DispatcherServlet        : Initializing Servlet 'dispatcherServlet'
2025-09-05T22:38:42.715+05:30  INFO 89072 --- [application-service] [nio-8082-exec-1] o.s.web.servlet.DispatcherServlet        : Completed initialization in 1 ms
2025-09-05T22:38:42.721+05:30 DEBUG 89072 --- [application-service] [nio-8082-exec-1] o.s.security.web.FilterChainProxy        : Securing GET /dashboard
2025-09-05T22:38:43.259+05:30 DEBUG 89072 --- [application-service] [nio-8082-exec-2] o.s.security.web.FilterChainProxy        : Securing GET /dashboard
2025-09-05T22:40:28.964+05:30 DEBUG 89072 --- [application-service] [nio-8082-exec-4] o.s.security.web.FilterChainProxy        : Securing HEAD /health
2025-09-05T22:40:28.965+05:30 DEBUG 89072 --- [application-service] [nio-8082-exec-4] o.s.s.w.a.AnonymousAuthenticationFilter  : Set SecurityContextHolder to anonymous SecurityContext
2025-09-05T22:40:28.965+05:30 DEBUG 89072 --- [application-service] [nio-8082-exec-4] o.s.security.web.FilterChainProxy        : Secured HEAD /health
2025-09-05T22:40:28.972+05:30 DEBUG 89072 --- [application-service] [nio-8082-exec-4] o.s.security.web.FilterChainProxy        : Securing HEAD /error
2025-09-05T22:40:28.972+05:30 DEBUG 89072 --- [application-service] [nio-8082-exec-4] o.s.s.w.a.AnonymousAuthenticationFilter  : Set SecurityContextHolder to anonymous SecurityContext
2025-09-05T22:40:28.972+05:30 DEBUG 89072 --- [application-service] [nio-8082-exec-4] o.s.s.w.a.Http403ForbiddenEntryPoint     : Pre-authenticated entry point called. Rejecting access
2025-09-05T22:42:23.183+05:30 DEBUG 89072 --- [application-service] [nio-8082-exec-6] o.s.security.web.FilterChainProxy        : Securing GET /?id=101140df-a5d1-4e04-b2d3-c4b6760a15f0&vscodeBrowserReqId=1757092343180
2025-09-05T22:42:23.183+05:30 DEBUG 89072 --- [application-service] [nio-8082-exec-6] o.s.s.w.a.AnonymousAuthenticationFilter  : Set SecurityContextHolder to anonymous SecurityContext
2025-09-05T22:42:23.183+05:30 DEBUG 89072 --- [application-service] [nio-8082-exec-6] o.s.security.web.FilterChainProxy        : Secured GET /?id=101140df-a5d1-4e04-b2d3-c4b6760a15f0&vscodeBrowserReqId=1757092343180
2025-09-05T22:42:59.944+05:30 DEBUG 89072 --- [application-service] [nio-8082-exec-7] o.s.security.web.FilterChainProxy        : Securing GET /api/applications
2025-09-05T22:43:00.006+05:30 DEBUG 89072 --- [application-service] [nio-8082-exec-7] o.s.s.w.a.AnonymousAuthenticationFilter  : Set SecurityContextHolder to anonymous SecurityContext
2025-09-05T22:43:00.006+05:30 DEBUG 89072 --- [application-service] [nio-8082-exec-7] o.s.s.w.a.Http403ForbiddenEntryPoint     : Pre-authenticated entry point called. Rejecting access
2025-09-05T22:43:00.007+05:30 DEBUG 89072 --- [application-service] [nio-8082-exec-7] o.s.security.web.FilterChainProxy        : Securing GET /error
2025-09-05T22:43:00.007+05:30 DEBUG 89072 --- [application-service] [nio-8082-exec-7] o.s.s.w.a.AnonymousAuthenticationFilter  : Set SecurityContextHolder to anonymous SecurityContext
2025-09-05T22:43:00.007+05:30 DEBUG 89072 --- [application-service] [nio-8082-exec-7] o.s.s.w.a.Http403ForbiddenEntryPoint     : Pre-authenticated entry point called. Rejecting access
2025-09-05T22:45:37.724+05:30 DEBUG 89072 --- [application-service] [io-8082-exec-10] o.s.security.web.FilterChainProxy        : Securing GET /api/applications
2025-09-05T22:45:37.730+05:30 DEBUG 89072 --- [application-service] [io-8082-exec-10] o.s.s.w.a.AnonymousAuthenticationFilter  : Set SecurityContextHolder to anonymous SecurityContext
2025-09-05T22:45:37.730+05:30 DEBUG 89072 --- [application-service] [io-8082-exec-10] o.s.s.w.a.Http403ForbiddenEntryPoint     : Pre-authenticated entry point called. Rejecting access
2025-09-05T22:45:37.731+05:30 DEBUG 89072 --- [application-service] [io-8082-exec-10] o.s.security.web.FilterChainProxy        : Securing GET /error
2025-09-05T22:45:37.731+05:30 DEBUG 89072 --- [application-service] [io-8082-exec-10] o.s.s.w.a.AnonymousAuthenticationFilter  : Set SecurityContextHolder to anonymous SecurityContext
2025-09-05T22:45:37.731+05:30 DEBUG 89072 --- [application-service] [io-8082-exec-10] o.s.s.w.a.Http403ForbiddenEntryPoint     : Pre-authenticated entry point called. Rejecting access
2025-09-05T22:47:52.155+05:30  INFO 89072 --- [application-service] [ionShutdownHook] o.s.b.w.e.tomcat.GracefulShutdown        : Commencing graceful shutdown. Waiting for active requests to complete
2025-09-05T22:47:52.156+05:30  INFO 89072 --- [application-service] [tomcat-shutdown] o.s.b.w.e.tomcat.GracefulShutdown        : Graceful shutdown complete
2025-09-05T22:47:52.159+05:30  INFO 89072 --- [application-service] [ionShutdownHook] j.LocalContainerEntityManagerFactoryBean : Closing JPA EntityManagerFactory for persistence unit 'default'
2025-09-05T22:47:52.161+05:30  INFO 89072 --- [application-service] [ionShutdownHook] com.zaxxer.hikari.HikariDataSource       : HikariPool-1 - Shutdown initiated...
2025-09-05T22:47:52.164+05:30  INFO 89072 --- [application-service] [ionShutdownHook] com.zaxxer.hikari.HikariDataSource       : HikariPool-1 - Shutdown completed.
