WARNING: A terminally deprecated method in sun.misc.Unsafe has been called
WARNING: sun.misc.Unsafe::staticFieldBase has been called by com.google.inject.internal.aop.HiddenClassDefiner (file:/Users/arsh/.m2/wrapper/dists/apache-maven-3.9.11/a2d47e15/lib/guice-5.1.0-classes.jar)
WARNING: Please consider reporting this to the maintainers of class com.google.inject.internal.aop.HiddenClassDefiner
WARNING: sun.misc.Unsafe::staticFieldBase will be removed in a future release
[INFO] Scanning for projects...
[INFO] 
[INFO] --------------------------< com.service:Job >---------------------------
[INFO] Building Job 0.0.1-SNAPSHOT
[INFO]   from pom.xml
[INFO] --------------------------------[ jar ]---------------------------------
[INFO] 
[INFO] >>> spring-boot:3.5.5:run (default-cli) > test-compile @ Job >>>
[INFO] 
[INFO] --- resources:3.3.1:resources (default-resources) @ Job ---
[INFO] Copying 1 resource from src/main/resources to target/classes
[INFO] Copying 7 resources from src/main/resources to target/classes
[INFO] 
[INFO] --- compiler:3.14.0:compile (default-compile) @ Job ---
[INFO] Recompiling the module because of changed source code.
[INFO] Compiling 22 source files with javac [debug parameters release 17] to target/classes
[WARNING] /Users/arsh/Developer/Chitkara/Job-Application-Service/Job/src/main/java/com/service/job/model/Employer.java:[39,20] @Builder will ignore the initializing expression entirely. If you want the initializing expression to serve as default, add @Builder.Default. If it is not supposed to be settable during building, make the field final.
[WARNING] /Users/arsh/Developer/Chitkara/Job-Application-Service/Job/src/main/java/com/service/job/model/Employer.java:[58,23] @Builder will ignore the initializing expression entirely. If you want the initializing expression to serve as default, add @Builder.Default. If it is not supposed to be settable during building, make the field final.
[WARNING] /Users/arsh/Developer/Chitkara/Job-Application-Service/Job/src/main/java/com/service/job/dto/JobCreateDto.java:[35,23] @Builder will ignore the initializing expression entirely. If you want the initializing expression to serve as default, add @Builder.Default. If it is not supposed to be settable during building, make the field final.
[WARNING] /Users/arsh/Developer/Chitkara/Job-Application-Service/Job/src/main/java/com/service/job/model/Job.java:[41,23] @Builder will ignore the initializing expression entirely. If you want the initializing expression to serve as default, add @Builder.Default. If it is not supposed to be settable during building, make the field final.
[INFO] 
[INFO] --- resources:3.3.1:testResources (default-testResources) @ Job ---
[INFO] skip non existing resourceDirectory /Users/arsh/Developer/Chitkara/Job-Application-Service/Job/src/test/resources
[INFO] 
[INFO] --- compiler:3.14.0:testCompile (default-testCompile) @ Job ---
[INFO] Recompiling the module because of changed dependency.
[INFO] Compiling 1 source file with javac [debug parameters release 17] to target/test-classes
[INFO] 
[INFO] <<< spring-boot:3.5.5:run (default-cli) < test-compile @ Job <<<
[INFO] 
[INFO] 
[INFO] --- spring-boot:3.5.5:run (default-cli) @ Job ---
[INFO] Attaching agents: []

  .   ____          _            __ _ _
 /\\ / ___'_ __ _ _(_)_ __  __ _ \ \ \ \
( ( )\___ | '_ | '_| | '_ \/ _` | \ \ \ \
 \\/  ___)| |_)| | | | | || (_| |  ) ) ) )
  '  |____| .__|_| |_|_| |_\__, | / / / /
 =========|_|==============|___/=/_/_/_/

 :: Spring Boot ::                (v3.5.5)

2025-09-05T22:38:22.863+05:30  INFO 88642 --- [job-service] [  restartedMain] com.service.job.JobApplication           : Starting JobApplication using Java 24.0.2 with PID 88642 (/Users/arsh/Developer/Chitkara/Job-Application-Service/Job/target/classes started by arsh in /Users/arsh/Developer/Chitkara/Job-Application-Service/Job)
2025-09-05T22:38:22.864+05:30 DEBUG 88642 --- [job-service] [  restartedMain] com.service.job.JobApplication           : Running with Spring Boot v3.5.5, Spring v6.2.10
2025-09-05T22:38:22.864+05:30  INFO 88642 --- [job-service] [  restartedMain] com.service.job.JobApplication           : No active profile set, falling back to 1 default profile: "default"
2025-09-05T22:38:22.878+05:30  INFO 88642 --- [job-service] [  restartedMain] .e.DevToolsPropertyDefaultsPostProcessor : Devtools property defaults active! Set 'spring.devtools.add-properties' to 'false' to disable
2025-09-05T22:38:22.878+05:30  INFO 88642 --- [job-service] [  restartedMain] .e.DevToolsPropertyDefaultsPostProcessor : For additional web related logging consider setting the 'logging.level.web' property to 'DEBUG'
2025-09-05T22:38:23.102+05:30  INFO 88642 --- [job-service] [  restartedMain] .s.d.r.c.RepositoryConfigurationDelegate : Bootstrapping Spring Data JPA repositories in DEFAULT mode.
2025-09-05T22:38:23.118+05:30  INFO 88642 --- [job-service] [  restartedMain] .s.d.r.c.RepositoryConfigurationDelegate : Finished Spring Data repository scanning in 12 ms. Found 2 JPA repository interfaces.
2025-09-05T22:38:23.190+05:30  INFO 88642 --- [job-service] [  restartedMain] o.s.cloud.context.scope.GenericScope     : BeanFactory id=2df6d053-25a5-3d54-87cf-7f19d96ff028
2025-09-05T22:38:23.332+05:30  INFO 88642 --- [job-service] [  restartedMain] o.s.b.w.embedded.tomcat.TomcatWebServer  : Tomcat initialized with port 8081 (http)
2025-09-05T22:38:23.338+05:30  INFO 88642 --- [job-service] [  restartedMain] o.apache.catalina.core.StandardService   : Starting service [Tomcat]
2025-09-05T22:38:23.338+05:30  INFO 88642 --- [job-service] [  restartedMain] o.apache.catalina.core.StandardEngine    : Starting Servlet engine: [Apache Tomcat/10.1.44]
2025-09-05T22:38:23.350+05:30  INFO 88642 --- [job-service] [  restartedMain] o.a.c.c.C.[Tomcat].[localhost].[/]       : Initializing Spring embedded WebApplicationContext
2025-09-05T22:38:23.350+05:30  INFO 88642 --- [job-service] [  restartedMain] w.s.c.ServletWebServerApplicationContext : Root WebApplicationContext: initialization completed in 472 ms
2025-09-05T22:38:23.405+05:30 DEBUG 88642 --- [job-service] [  restartedMain] c.s.job.config.JwtAuthenticationFilter   : Filter 'jwtAuthenticationFilter' configured for use
2025-09-05T22:38:23.405+05:30 DEBUG 88642 --- [job-service] [  restartedMain] c.s.job.config.AuthenticationFilter      : Filter 'authenticationFilter' configured for use
2025-09-05T22:38:23.446+05:30  INFO 88642 --- [job-service] [  restartedMain] o.hibernate.jpa.internal.util.LogHelper  : HHH000204: Processing PersistenceUnitInfo [name: default]
2025-09-05T22:38:23.459+05:30  INFO 88642 --- [job-service] [  restartedMain] org.hibernate.Version                    : HHH000412: Hibernate ORM core version 6.6.26.Final
2025-09-05T22:38:23.467+05:30  INFO 88642 --- [job-service] [  restartedMain] o.h.c.internal.RegionFactoryInitiator    : HHH000026: Second-level cache disabled
2025-09-05T22:38:23.539+05:30  INFO 88642 --- [job-service] [  restartedMain] o.s.o.j.p.SpringPersistenceUnitInfo      : No LoadTimeWeaver setup: ignoring JPA class transformer
2025-09-05T22:38:23.546+05:30  INFO 88642 --- [job-service] [  restartedMain] com.zaxxer.hikari.HikariDataSource       : HikariPool-1 - Starting...
2025-09-05T22:38:23.600+05:30  INFO 88642 --- [job-service] [  restartedMain] com.zaxxer.hikari.pool.HikariPool        : HikariPool-1 - Added connection com.mysql.cj.jdbc.ConnectionImpl@324d20f4
2025-09-05T22:38:23.601+05:30  INFO 88642 --- [job-service] [  restartedMain] com.zaxxer.hikari.HikariDataSource       : HikariPool-1 - Start completed.
2025-09-05T22:38:23.618+05:30  WARN 88642 --- [job-service] [  restartedMain] org.hibernate.orm.deprecation            : HHH90000025: MySQLDialect does not need to be specified explicitly using 'hibernate.dialect' (remove the property setting and it will be selected by default)
2025-09-05T22:38:23.623+05:30  INFO 88642 --- [job-service] [  restartedMain] org.hibernate.orm.connections.pooling    : HHH10001005: Database info:
	Database JDBC URL [Connecting through datasource 'HikariDataSource (HikariPool-1)']
	Database driver: undefined/unknown
	Database version: 8.0.43
	Autocommit mode: undefined/unknown
	Isolation level: undefined/unknown
	Minimum pool size: undefined/unknown
	Maximum pool size: undefined/unknown
2025-09-05T22:38:23.886+05:30  INFO 88642 --- [job-service] [  restartedMain] o.h.e.t.j.p.i.JtaPlatformInitiator       : HHH000489: No JTA platform available (set 'hibernate.transaction.jta.platform' to enable JTA platform integration)
2025-09-05T22:38:23.912+05:30  INFO 88642 --- [job-service] [  restartedMain] j.LocalContainerEntityManagerFactoryBean : Initialized JPA EntityManagerFactory for persistence unit 'default'
2025-09-05T22:38:23.996+05:30  WARN 88642 --- [job-service] [  restartedMain] ConfigServletWebServerApplicationContext : Exception encountered during context initialization - cancelling refresh attempt: org.springframework.beans.factory.UnsatisfiedDependencyException: Error creating bean with name 'authController' defined in file [/Users/arsh/Developer/Chitkara/Job-Application-Service/Job/target/classes/com/service/job/controller/AuthController.class]: Unsatisfied dependency expressed through constructor parameter 0: Error creating bean with name 'employerService' defined in file [/Users/arsh/Developer/Chitkara/Job-Application-Service/Job/target/classes/com/service/job/service/EmployerService.class]: Unsatisfied dependency expressed through constructor parameter 1: No qualifying bean of type 'org.springframework.security.crypto.password.PasswordEncoder' available: expected at least 1 bean which qualifies as autowire candidate. Dependency annotations: {}
2025-09-05T22:38:23.996+05:30  INFO 88642 --- [job-service] [  restartedMain] j.LocalContainerEntityManagerFactoryBean : Closing JPA EntityManagerFactory for persistence unit 'default'
2025-09-05T22:38:23.997+05:30  INFO 88642 --- [job-service] [  restartedMain] com.zaxxer.hikari.HikariDataSource       : HikariPool-1 - Shutdown initiated...
2025-09-05T22:38:24.030+05:30  INFO 88642 --- [job-service] [  restartedMain] com.zaxxer.hikari.HikariDataSource       : HikariPool-1 - Shutdown completed.
2025-09-05T22:38:24.031+05:30  INFO 88642 --- [job-service] [  restartedMain] o.apache.catalina.core.StandardService   : Stopping service [Tomcat]
2025-09-05T22:38:24.036+05:30  INFO 88642 --- [job-service] [  restartedMain] .s.b.a.l.ConditionEvaluationReportLogger : 

Error starting ApplicationContext. To display the condition evaluation report re-run your application with 'debug' enabled.
2025-09-05T22:38:24.043+05:30 ERROR 88642 --- [job-service] [  restartedMain] o.s.b.d.LoggingFailureAnalysisReporter   : 

***************************
APPLICATION FAILED TO START
***************************

Description:

Parameter 1 of constructor in com.service.job.service.EmployerService required a bean of type 'org.springframework.security.crypto.password.PasswordEncoder' that could not be found.


Action:

Consider defining a bean of type 'org.springframework.security.crypto.password.PasswordEncoder' in your configuration.

[INFO] ------------------------------------------------------------------------
[INFO] BUILD SUCCESS
[INFO] ------------------------------------------------------------------------
[INFO] Total time:  3.367 s
[INFO] Finished at: 2025-09-05T22:38:24+05:30
[INFO] ------------------------------------------------------------------------
